[36m--[0m Using CATKIN_DEVEL_PREFIX: /home/saswat/catkin_ws/devel/.private/beginner_tutorials
[36m--[0m Using CMAKE_PREFIX_PATH: /opt/ros/melodic;/home/saswat/catkin_ws/devel
[36m--[0m This workspace overlays: /opt/ros/melodic;/home/saswat/catkin_ws/devel
[36m--[0m Found PythonInterp: /usr/bin/python2 (found suitable version "2.7.17", minimum required is "2")
[36m--[0m Using PYTHON_EXECUTABLE: /usr/bin/python2
[36m--[0m Using Debian Python package layout
[36m--[0m Using empy: /usr/bin/empy
[36m--[0m Using CATKIN_ENABLE_TESTING: ON
[36m--[0m Call enable_testing()
[36m--[0m Using CATKIN_TEST_RESULTS_DIR: /home/saswat/catkin_ws/build/beginner_tutorials/test_results
[36m--[0m Found gtest sources under '/usr/src/googletest': gtests will be built
[36m--[0m Found gmock sources under '/usr/src/googletest': gmock will be built
[36m--[0m Found PythonInterp: /usr/bin/python2 (found version "2.7.17")
[36m--[0m Using Python nosetests: /usr/bin/nosetests-2.7
[36m--[0m catkin 0.7.28
[36m--[0m BUILD_SHARED_LIBS is on
[36m--[0m Using these message generators: gencpp;geneus;genlisp;gennodejs;genpy
[36m--[0m beginner_tutorials: 3 messages, 1 services
[31m[1mCMake Error[0m at /opt/ros/melodic/share/catkin/cmake/catkin_install_python.cmake:68 (message):
  catkin_install_python() called with non-existing file
  '/home/saswat/catkin_ws/src/beginner_tutorials/scripts/infosub.py'.
[36mCall Stack (most recent call first):[0m
  CMakeLists.txt:174 (catkin_install_python)


[36m--[0m Configuring incomplete, errors occurred!
See also "/home/saswat/catkin_ws/build/beginner_tutorials/CMakeFiles/CMakeOutput.log".
See also "/home/saswat/catkin_ws/build/beginner_tutorials/CMakeFiles/CMakeError.log".
Makefile:1162: recipe for target 'cmake_check_build_system' failed
make: *** [cmake_check_build_system] Error 1
