[35m[1mScanning dependencies of target geometry_msgs_generate_messages_py[0m
[35m[1mScanning dependencies of target geometry_msgs_generate_messages_cpp[0m
[  0%] Built target std_msgs_generate_messages_cpp
[  0%] Built target geometry_msgs_generate_messages_py
[  2%] Built target geometry_msgs_generate_messages_cpp
[  5%] Built target read_video_cpp
[35m[1mScanning dependencies of target geometry_msgs_generate_messages_nodejs[0m
[  5%] Built target _beginner_tutorials_generate_messages_check_deps_Vector3
[  5%] Built target geometry_msgs_generate_messages_nodejs
[  5%] Built target _beginner_tutorials_generate_messages_check_deps_AddTwoInts
[  5%] Built target std_msgs_generate_messages_py
[  5%] Built target _beginner_tutorials_generate_messages_check_deps_Info
[  5%] Built target _beginner_tutorials_generate_messages_check_deps_CombinedInfo
[  5%] Built target std_msgs_generate_messages_eus
[35m[1mScanning dependencies of target geometry_msgs_generate_messages_eus[0m
[  5%] Built target std_msgs_generate_messages_nodejs
[35m[1mScanning dependencies of target geometry_msgs_generate_messages_lisp[0m
[  5%] Built target geometry_msgs_generate_messages_lisp
[  5%] Built target std_msgs_generate_messages_lisp
[  5%] Built target geometry_msgs_generate_messages_eus
[  7%] [34m[1mGenerating C++ code from beginner_tutorials/CombinedInfo.msg[0m
[ 10%] [34m[1mGenerating C++ code from beginner_tutorials/Info.msg[0m
[ 12%] [34m[1mGenerating C++ code from beginner_tutorials/Vector3.msg[0m
[ 15%] [34m[1mGenerating Python from MSG beginner_tutorials/CombinedInfo[0m
[ 17%] [34m[1mGenerating Javascript code from beginner_tutorials/CombinedInfo.msg[0m
[ 20%] [34m[1mGenerating Python from MSG beginner_tutorials/Info[0m
[ 23%] [34m[1mGenerating C++ code from beginner_tutorials/AddTwoInts.srv[0m
[ 25%] [34m[1mGenerating EusLisp code from beginner_tutorials/CombinedInfo.msg[0m
[ 28%] [34m[1mGenerating Javascript code from beginner_tutorials/Info.msg[0m
[ 30%] [34m[1mGenerating EusLisp code from beginner_tutorials/Info.msg[0m
[ 33%] [34m[1mGenerating Javascript code from beginner_tutorials/Vector3.msg[0m
[ 35%] [34m[1mGenerating EusLisp code from beginner_tutorials/Vector3.msg[0m
[ 38%] [34m[1mGenerating Python from MSG beginner_tutorials/Vector3[0m
[ 41%] [34m[1mGenerating Python code from SRV beginner_tutorials/AddTwoInts[0m
[ 43%] [34m[1mGenerating Javascript code from beginner_tutorials/AddTwoInts.srv[0m
[ 46%] [34m[1mGenerating EusLisp code from beginner_tutorials/AddTwoInts.srv[0m
[ 48%] [34m[1mGenerating Lisp code from beginner_tutorials/CombinedInfo.msg[0m
[ 51%] [34m[1mGenerating EusLisp manifest code for beginner_tutorials[0m
[ 53%] [34m[1mGenerating Lisp code from beginner_tutorials/Info.msg[0m
[ 53%] Built target beginner_tutorials_generate_messages_nodejs
[ 56%] [34m[1mGenerating Lisp code from beginner_tutorials/Vector3.msg[0m
[ 58%] [34m[1mGenerating Lisp code from beginner_tutorials/AddTwoInts.srv[0m
[ 58%] Built target beginner_tutorials_generate_messages_lisp
[ 61%] [34m[1mGenerating Python msg __init__.py for beginner_tutorials[0m
[ 64%] [34m[1mGenerating Python srv __init__.py for beginner_tutorials[0m
[ 64%] Built target beginner_tutorials_generate_messages_cpp
[35m[1mScanning dependencies of target publ[0m
[ 64%] Built target beginner_tutorials_gencpp
[ 66%] [32mBuilding CXX object CMakeFiles/publ.dir/src/msgpub.cpp.o[0m
[ 71%] Built target produce
[ 76%] Built target unity
[ 82%] Built target output
[35m[1mScanning dependencies of target add_two_ints_client[0m
[35m[1mScanning dependencies of target add_two_ints_server[0m
[ 87%] Built target square
[ 89%] [32mBuilding CXX object CMakeFiles/add_two_ints_client.dir/src/client.cpp.o[0m
[ 92%] [32mBuilding CXX object CMakeFiles/add_two_ints_server.dir/src/server.cpp.o[0m
[ 92%] Built target beginner_tutorials_generate_messages_py
[ 92%] Built target beginner_tutorials_generate_messages_eus
[ 92%] Built target beginner_tutorials_generate_messages
[ 94%] [32m[1mLinking CXX executable /home/saswat/catkin_ws/devel/.private/beginner_tutorials/lib/beginner_tutorials/publ[0m
[ 97%] [32m[1mLinking CXX executable /home/saswat/catkin_ws/devel/.private/beginner_tutorials/lib/beginner_tutorials/add_two_ints_client[0m
[100%] [32m[1mLinking CXX executable /home/saswat/catkin_ws/devel/.private/beginner_tutorials/lib/beginner_tutorials/add_two_ints_server[0m
[100%] Built target publ
[100%] Built target add_two_ints_client
[100%] Built target add_two_ints_server
