[35m[1mScanning dependencies of target _beginner_tutorials_generate_messages_check_deps_Vector3[0m
[35m[1mScanning dependencies of target _beginner_tutorials_generate_messages_check_deps_Info[0m
[  0%] Built target std_msgs_generate_messages_py
[  0%] Built target std_msgs_generate_messages_cpp
[  0%] Built target std_msgs_generate_messages_lisp
[  0%] Built target _beginner_tutorials_generate_messages_check_deps_Vector3
[  0%] Built target std_msgs_generate_messages_nodejs
[  0%] Built target _beginner_tutorials_generate_messages_check_deps_Info
[  0%] Built target std_msgs_generate_messages_eus
[  0%] Built target _beginner_tutorials_generate_messages_check_deps_AddTwoInts
[  0%] Built target _beginner_tutorials_generate_messages_check_deps_CombinedInfo
[  2%] [34m[1mGenerating EusLisp code from beginner_tutorials/Info.msg[0m
[  5%] [34m[1mGenerating Lisp code from beginner_tutorials/Vector3.msg[0m
[  7%] [34m[1mGenerating Lisp code from beginner_tutorials/Info.msg[0m
[ 10%] [34m[1mGenerating Python from MSG beginner_tutorials/Info[0m
[ 12%] [34m[1mGenerating EusLisp code from beginner_tutorials/Vector3.msg[0m
[ 17%] [34m[1mGenerating Javascript code from beginner_tutorials/Info.msg[0m
[ 17%] [34m[1mGenerating C++ code from beginner_tutorials/Info.msg[0m
[ 20%] [34m[1mGenerating Javascript code from beginner_tutorials/Vector3.msg[0m
[ 25%] Built target beginner_tutorials_generate_messages_lisp
[ 28%] [34m[1mGenerating Python from MSG beginner_tutorials/Vector3[0m
[ 30%] [34m[1mGenerating C++ code from beginner_tutorials/Vector3.msg[0m
[ 38%] Built target beginner_tutorials_generate_messages_eus
[ 43%] Built target beginner_tutorials_generate_messages_nodejs
[ 48%] [34m[1mGenerating Python srv __init__.py for beginner_tutorials[0m
[ 48%] [34m[1mGenerating Python msg __init__.py for beginner_tutorials[0m
[ 53%] Built target beginner_tutorials_generate_messages_py
[ 58%] Built target read_video_cpp
[ 64%] Built target beginner_tutorials_generate_messages_cpp
[ 64%] Built target beginner_tutorials_gencpp
[ 64%] Built target beginner_tutorials_generate_messages
[ 71%] Built target output
[ 74%] Built target produce
[ 79%] Built target publ
[ 84%] Built target unity
[ 89%] Built target square
[100%] Built target add_two_ints_client
[100%] Built target add_two_ints_server
