In file included from [01m[K/opt/ros/melodic/include/ros/ros.h:40:0[m[K,
                 from [01m[K/home/saswat/catkin_ws/src/beginner_tutorials/src/server.cpp:2[m[K:
[01m[K/home/saswat/catkin_ws/src/beginner_tutorials/src/server.cpp:[m[K In function ‘[01m[Kbool add(beginner_tutorials::AddTwoInts::Request&, beginner_tutorials::AddTwoInts::Response&)[m[K’:
[01m[K/home/saswat/catkin_ws/src/beginner_tutorials/src/server.cpp:24:72:[m[K [01;31m[Kerror: [m[K‘[01m[Kbeginner_tutorials::AddTwoInts::Request {aka struct beginner_tutorials::AddTwoIntsRequest_<std::allocator<void> >}[m[K’ has no member named ‘[01m[Kb[m[K’
       ROS_INFO("request: x=%ld, y=%ld", (long int)req.a, (long int)req.[01;31m[Kb[m[K);
                                                                        [01;31m[K^[m[K
[01m[K/opt/ros/melodic/include/ros/console.h:348:165:[m[K [01;36m[Knote: [m[Kin definition of macro ‘[01m[KROSCONSOLE_PRINT_AT_LOCATION_WITH_FILTER[m[K’
     ::ros::console::print(filter, __rosconsole_define_location__loc.logger_, __rosconsole_define_location__loc.level_, __FILE__, __LINE__, __ROSCONSOLE_FUNCTION__, [01;36m[K__VA_ARGS__[m[K)
                                                                                                                                                                     [01;36m[K^~~~~~~~~~~[m[K
[01m[K/opt/ros/melodic/include/ros/console.h:387:7:[m[K [01;36m[Knote: [m[Kin expansion of macro ‘[01m[KROSCONSOLE_PRINT_AT_LOCATION[m[K’
       [01;36m[KROSCONSOLE_PRINT_AT_LOCATION[m[K(__VA_ARGS__); \
       [01;36m[K^~~~~~~~~~~~~~~~~~~~~~~~~~~~[m[K
[01m[K/opt/ros/melodic/include/ros/console.h:572:35:[m[K [01;36m[Knote: [m[Kin expansion of macro ‘[01m[KROS_LOG_COND[m[K’
 #define ROS_LOG(level, name, ...) [01;36m[KROS_LOG_COND[m[K(true, level, name, __VA_ARGS__)
                                   [01;36m[K^~~~~~~~~~~~[m[K
[01m[K/opt/ros/melodic/include/rosconsole/macros_generated.h:110:23:[m[K [01;36m[Knote: [m[Kin expansion of macro ‘[01m[KROS_LOG[m[K’
 #define ROS_INFO(...) [01;36m[KROS_LOG[m[K(::ros::console::levels::Info, ROSCONSOLE_DEFAULT_NAME, __VA_ARGS__)
                       [01;36m[K^~~~~~~[m[K
[01m[K/home/saswat/catkin_ws/src/beginner_tutorials/src/server.cpp:24:7:[m[K [01;36m[Knote: [m[Kin expansion of macro ‘[01m[KROS_INFO[m[K’
       [01;36m[KROS_INFO[m[K("request: x=%ld, y=%ld", (long int)req.a, (long int)req.b);
       [01;36m[K^~~~~~~~[m[K
make[2]: *** [CMakeFiles/add_two_ints_server.dir/src/server.cpp.o] Error 1
make[1]: *** [CMakeFiles/add_two_ints_server.dir/all] Error 2
make[1]: *** Waiting for unfinished jobs....
make: *** [all] Error 2
