[01m[K/home/saswat/catkin_ws/src/beginner_tutorials/src/client.cpp:24:6:[m[K [01;31m[Kerror: [m[Kexpected unqualified-id before ‘[01m[Kelse[m[K’
      [01;31m[Kelse[m[K
      [01;31m[K^~~~[m[K
[01m[K/home/saswat/catkin_ws/src/beginner_tutorials/src/client.cpp:30:6:[m[K [01;31m[Kerror: [m[Kexpected unqualified-id before ‘[01m[Kreturn[m[K’
      [01;31m[Kreturn[m[K 0;
      [01;31m[K^~~~~~[m[K
[01m[K/home/saswat/catkin_ws/src/beginner_tutorials/src/client.cpp:31:4:[m[K [01;31m[Kerror: [m[Kexpected declaration before ‘[01m[K}[m[K’ token
    [01;31m[K}[m[K
    [01;31m[K^[m[K
[01m[K/home/saswat/catkin_ws/src/beginner_tutorials/src/server.cpp:[m[K In function ‘[01m[Kbool add(beginner_tutorials::AddTwoInts::Request&, beginner_tutorials::AddTwoInts::Response&)[m[K’:
[01m[K/home/saswat/catkin_ws/src/beginner_tutorials/src/server.cpp:23:20:[m[K [01;31m[Kerror: [m[Kinvalid types ‘[01m[Kbeginner_tutorials::AddTwoIntsResponse_<std::allocator<void> >::_sum_type {aka long int}[int][m[K’ for array subscript
           res.sum[m[01;31m[K][m[K=a[m];
                    [01;31m[K^[m[K
In file included from [01m[K/opt/ros/melodic/include/ros/ros.h:40:0[m[K,
                 from [01m[K/home/saswat/catkin_ws/src/beginner_tutorials/src/server.cpp:2[m[K:
[01m[K/home/saswat/catkin_ws/src/beginner_tutorials/src/server.cpp:29:62:[m[K [01;31m[Kerror: [m[Kinvalid types ‘[01m[Kbeginner_tutorials::AddTwoIntsResponse_<std::allocator<void> >::_sum_type {aka long int}[int][m[K’ for array subscript
       ROS_INFO("sending back response: [%d]", ( int)res.sum[0[01;31m[K][m[K);
                                                              [01;31m[K^[m[K
[01m[K/opt/ros/melodic/include/ros/console.h:348:165:[m[K [01;36m[Knote: [m[Kin definition of macro ‘[01m[KROSCONSOLE_PRINT_AT_LOCATION_WITH_FILTER[m[K’
     ::ros::console::print(filter, __rosconsole_define_location__loc.logger_, __rosconsole_define_location__loc.level_, __FILE__, __LINE__, __ROSCONSOLE_FUNCTION__, [01;36m[K__VA_ARGS__[m[K)
                                                                                                                                                                     [01;36m[K^~~~~~~~~~~[m[K
[01m[K/opt/ros/melodic/include/ros/console.h:387:7:[m[K [01;36m[Knote: [m[Kin expansion of macro ‘[01m[KROSCONSOLE_PRINT_AT_LOCATION[m[K’
       [01;36m[KROSCONSOLE_PRINT_AT_LOCATION[m[K(__VA_ARGS__); \
       [01;36m[K^~~~~~~~~~~~~~~~~~~~~~~~~~~~[m[K
[01m[K/opt/ros/melodic/include/ros/console.h:572:35:[m[K [01;36m[Knote: [m[Kin expansion of macro ‘[01m[KROS_LOG_COND[m[K’
 #define ROS_LOG(level, name, ...) [01;36m[KROS_LOG_COND[m[K(true, level, name, __VA_ARGS__)
                                   [01;36m[K^~~~~~~~~~~~[m[K
[01m[K/opt/ros/melodic/include/rosconsole/macros_generated.h:110:23:[m[K [01;36m[Knote: [m[Kin expansion of macro ‘[01m[KROS_LOG[m[K’
 #define ROS_INFO(...) [01;36m[KROS_LOG[m[K(::ros::console::levels::Info, ROSCONSOLE_DEFAULT_NAME, __VA_ARGS__)
                       [01;36m[K^~~~~~~[m[K
[01m[K/home/saswat/catkin_ws/src/beginner_tutorials/src/server.cpp:29:7:[m[K [01;36m[Knote: [m[Kin expansion of macro ‘[01m[KROS_INFO[m[K’
       [01;36m[KROS_INFO[m[K("sending back response: [%d]", ( int)res.sum[0]);
       [01;36m[K^~~~~~~~[m[K
make[2]: *** [CMakeFiles/add_two_ints_client.dir/src/client.cpp.o] Error 1
make[1]: *** [CMakeFiles/add_two_ints_client.dir/all] Error 2
make[1]: *** Waiting for unfinished jobs....
make[2]: *** [CMakeFiles/add_two_ints_server.dir/src/server.cpp.o] Error 1
make[1]: *** [CMakeFiles/add_two_ints_server.dir/all] Error 2
make: *** [all] Error 2
