Linked: (/home/saswat/catkin_ws/devel/.private/beginner_tutorials/share/beginner_tutorials/cmake/beginner_tutorialsConfig.cmake, /home/saswat/catkin_ws/devel/share/beginner_tutorials/cmake/beginner_tutorialsConfig.cmake)
Linked: (/home/saswat/catkin_ws/devel/.private/beginner_tutorials/share/beginner_tutorials/cmake/beginner_tutorials-msg-paths.cmake, /home/saswat/catkin_ws/devel/share/beginner_tutorials/cmake/beginner_tutorials-msg-paths.cmake)
Linked: (/home/saswat/catkin_ws/devel/.private/beginner_tutorials/share/beginner_tutorials/cmake/beginner_tutorialsConfig-version.cmake, /home/saswat/catkin_ws/devel/share/beginner_tutorials/cmake/beginner_tutorialsConfig-version.cmake)
Linked: (/home/saswat/catkin_ws/devel/.private/beginner_tutorials/share/beginner_tutorials/cmake/beginner_tutorials-msg-extras.cmake, /home/saswat/catkin_ws/devel/share/beginner_tutorials/cmake/beginner_tutorials-msg-extras.cmake)
Linked: (/home/saswat/catkin_ws/devel/.private/beginner_tutorials/share/roseus/ros/beginner_tutorials/manifest.l, /home/saswat/catkin_ws/devel/share/roseus/ros/beginner_tutorials/manifest.l)
Linked: (/home/saswat/catkin_ws/devel/.private/beginner_tutorials/share/roseus/ros/beginner_tutorials/srv/AddTwoInts.l, /home/saswat/catkin_ws/devel/share/roseus/ros/beginner_tutorials/srv/AddTwoInts.l)
Symlinking /home/saswat/catkin_ws/devel/share/roseus/ros/beginner_tutorials/msg/CombinedInfo.l
Linked: (/home/saswat/catkin_ws/devel/.private/beginner_tutorials/share/gennodejs/ros/beginner_tutorials/_index.js, /home/saswat/catkin_ws/devel/share/gennodejs/ros/beginner_tutorials/_index.js)
Linked: (/home/saswat/catkin_ws/devel/.private/beginner_tutorials/share/gennodejs/ros/beginner_tutorials/srv/AddTwoInts.js, /home/saswat/catkin_ws/devel/share/gennodejs/ros/beginner_tutorials/srv/AddTwoInts.js)
Linked: (/home/saswat/catkin_ws/devel/.private/beginner_tutorials/share/gennodejs/ros/beginner_tutorials/srv/_index.js, /home/saswat/catkin_ws/devel/share/gennodejs/ros/beginner_tutorials/srv/_index.js)
Symlinking /home/saswat/catkin_ws/devel/share/gennodejs/ros/beginner_tutorials/msg/CombinedInfo.js
Symlinking /home/saswat/catkin_ws/devel/share/gennodejs/ros/beginner_tutorials/msg/_index.js
Linked: (/home/saswat/catkin_ws/devel/.private/beginner_tutorials/share/common-lisp/ros/beginner_tutorials/srv/_package.lisp, /home/saswat/catkin_ws/devel/share/common-lisp/ros/beginner_tutorials/srv/_package.lisp)
Linked: (/home/saswat/catkin_ws/devel/.private/beginner_tutorials/share/common-lisp/ros/beginner_tutorials/srv/AddTwoInts.lisp, /home/saswat/catkin_ws/devel/share/common-lisp/ros/beginner_tutorials/srv/AddTwoInts.lisp)
Linked: (/home/saswat/catkin_ws/devel/.private/beginner_tutorials/share/common-lisp/ros/beginner_tutorials/srv/_package_AddTwoInts.lisp, /home/saswat/catkin_ws/devel/share/common-lisp/ros/beginner_tutorials/srv/_package_AddTwoInts.lisp)
Linked: (/home/saswat/catkin_ws/devel/.private/beginner_tutorials/share/common-lisp/ros/beginner_tutorials/srv/beginner_tutorials-srv.asd, /home/saswat/catkin_ws/devel/share/common-lisp/ros/beginner_tutorials/srv/beginner_tutorials-srv.asd)
Symlinking /home/saswat/catkin_ws/devel/share/common-lisp/ros/beginner_tutorials/msg/CombinedInfo.lisp
Symlinking /home/saswat/catkin_ws/devel/share/common-lisp/ros/beginner_tutorials/msg/_package_CombinedInfo.lisp
Symlinking /home/saswat/catkin_ws/devel/share/common-lisp/ros/beginner_tutorials/msg/_package.lisp
Symlinking /home/saswat/catkin_ws/devel/share/common-lisp/ros/beginner_tutorials/msg/beginner_tutorials-msg.asd
Linked: (/home/saswat/catkin_ws/devel/.private/beginner_tutorials/include/beginner_tutorials/AddTwoIntsRequest.h, /home/saswat/catkin_ws/devel/include/beginner_tutorials/AddTwoIntsRequest.h)
Linked: (/home/saswat/catkin_ws/devel/.private/beginner_tutorials/include/beginner_tutorials/AddTwoIntsResponse.h, /home/saswat/catkin_ws/devel/include/beginner_tutorials/AddTwoIntsResponse.h)
Symlinking /home/saswat/catkin_ws/devel/include/beginner_tutorials/CombinedInfo.h
Linked: (/home/saswat/catkin_ws/devel/.private/beginner_tutorials/include/beginner_tutorials/AddTwoInts.h, /home/saswat/catkin_ws/devel/include/beginner_tutorials/AddTwoInts.h)
Linked: (/home/saswat/catkin_ws/devel/.private/beginner_tutorials/lib/pkgconfig/beginner_tutorials.pc, /home/saswat/catkin_ws/devel/lib/pkgconfig/beginner_tutorials.pc)
Linked: (/home/saswat/catkin_ws/devel/.private/beginner_tutorials/lib/beginner_tutorials/add_two_ints_client, /home/saswat/catkin_ws/devel/lib/beginner_tutorials/add_two_ints_client)
Symlinking /home/saswat/catkin_ws/devel/lib/beginner_tutorials/publ
Linked: (/home/saswat/catkin_ws/devel/.private/beginner_tutorials/lib/beginner_tutorials/unity, /home/saswat/catkin_ws/devel/lib/beginner_tutorials/unity)
Linked: (/home/saswat/catkin_ws/devel/.private/beginner_tutorials/lib/beginner_tutorials/square, /home/saswat/catkin_ws/devel/lib/beginner_tutorials/square)
Linked: (/home/saswat/catkin_ws/devel/.private/beginner_tutorials/lib/beginner_tutorials/add_two_ints_server, /home/saswat/catkin_ws/devel/lib/beginner_tutorials/add_two_ints_server)
Linked: (/home/saswat/catkin_ws/devel/.private/beginner_tutorials/lib/beginner_tutorials/output, /home/saswat/catkin_ws/devel/lib/beginner_tutorials/output)
Linked: (/home/saswat/catkin_ws/devel/.private/beginner_tutorials/lib/beginner_tutorials/read_video_cpp, /home/saswat/catkin_ws/devel/lib/beginner_tutorials/read_video_cpp)
Linked: (/home/saswat/catkin_ws/devel/.private/beginner_tutorials/lib/beginner_tutorials/produce, /home/saswat/catkin_ws/devel/lib/beginner_tutorials/produce)
Linked: (/home/saswat/catkin_ws/devel/.private/beginner_tutorials/lib/python2.7/dist-packages/beginner_tutorials/__init__.py, /home/saswat/catkin_ws/devel/lib/python2.7/dist-packages/beginner_tutorials/__init__.py)
Linked: (/home/saswat/catkin_ws/devel/.private/beginner_tutorials/lib/python2.7/dist-packages/beginner_tutorials/srv/__init__.py, /home/saswat/catkin_ws/devel/lib/python2.7/dist-packages/beginner_tutorials/srv/__init__.py)
Linked: (/home/saswat/catkin_ws/devel/.private/beginner_tutorials/lib/python2.7/dist-packages/beginner_tutorials/srv/_AddTwoInts.py, /home/saswat/catkin_ws/devel/lib/python2.7/dist-packages/beginner_tutorials/srv/_AddTwoInts.py)
Symlinking /home/saswat/catkin_ws/devel/lib/python2.7/dist-packages/beginner_tutorials/msg/__init__.py
Symlinking /home/saswat/catkin_ws/devel/lib/python2.7/dist-packages/beginner_tutorials/msg/_CombinedInfo.py
