[  0%] Built target std_msgs_generate_messages_nodejs
[  0%] Built target std_msgs_generate_messages_lisp
[  0%] Built target std_msgs_generate_messages_cpp
[  0%] Built target std_msgs_generate_messages_py
[  0%] Built target std_msgs_generate_messages_eus
[  9%] Built target read_video_cpp
[  9%] Built target _beginner_tutorials_generate_messages_check_deps_AddTwoInts
[ 14%] [34m[1mGenerating Javascript code from beginner_tutorials/AddTwoInts.srv[0m
[ 23%] [34m[1mGenerating Lisp code from beginner_tutorials/AddTwoInts.srv[0m
[ 23%] [34m[1mGenerating EusLisp code from beginner_tutorials/AddTwoInts.srv[0m
[ 33%] [34m[1mGenerating Python code from SRV beginner_tutorials/AddTwoInts[0m
[ 33%] [34m[1mGenerating C++ code from beginner_tutorials/AddTwoInts.srv[0m
[ 33%] Built target beginner_tutorials_generate_messages_lisp
[ 33%] Built target beginner_tutorials_generate_messages_nodejs
[ 38%] Built target beginner_tutorials_generate_messages_eus
[ 42%] [34m[1mGenerating Python srv __init__.py for beginner_tutorials[0m
[ 42%] Built target beginner_tutorials_generate_messages_py
[ 42%] Built target beginner_tutorials_generate_messages_cpp
[ 42%] Built target beginner_tutorials_gencpp
[ 42%] Built target beginner_tutorials_generate_messages
[ 52%] Built target output
[35m[1mScanning dependencies of target add_two_ints_client[0m
[ 61%] Built target produce
[ 71%] Built target square
[ 80%] Built target unity
[35m[1mScanning dependencies of target add_two_ints_server[0m
[ 85%] [32mBuilding CXX object CMakeFiles/add_two_ints_client.dir/src/client.cpp.o[0m
[ 90%] [32mBuilding CXX object CMakeFiles/add_two_ints_server.dir/src/server.cpp.o[0m
[ 95%] [32m[1mLinking CXX executable /home/saswat/catkin_ws/devel/.private/beginner_tutorials/lib/beginner_tutorials/add_two_ints_client[0m
[ 95%] Built target add_two_ints_client
[100%] [32m[1mLinking CXX executable /home/saswat/catkin_ws/devel/.private/beginner_tutorials/lib/beginner_tutorials/add_two_ints_server[0m
[100%] Built target add_two_ints_server
