[  0%] Built target std_msgs_generate_messages_cpp
[  0%] Built target geometry_msgs_generate_messages_py
[  0%] Built target geometry_msgs_generate_messages_cpp
[  5%] Built target read_video_cpp
[  5%] Built target _beginner_tutorials_generate_messages_check_deps_Vector3
[  5%] Built target std_msgs_generate_messages_py
[  5%] Built target _beginner_tutorials_generate_messages_check_deps_Info
[  5%] Built target _beginner_tutorials_generate_messages_check_deps_CombinedInfo
[  5%] Built target _beginner_tutorials_generate_messages_check_deps_AddTwoInts
[  5%] Built target geometry_msgs_generate_messages_nodejs
[  5%] Built target std_msgs_generate_messages_nodejs
[  5%] Built target std_msgs_generate_messages_eus
[  5%] Built target geometry_msgs_generate_messages_lisp
[  5%] Built target geometry_msgs_generate_messages_eus
[  5%] Built target std_msgs_generate_messages_lisp
[ 20%] Built target beginner_tutorials_generate_messages_py
[ 30%] Built target beginner_tutorials_generate_messages_cpp
[ 41%] Built target beginner_tutorials_generate_messages_nodejs
[ 53%] Built target beginner_tutorials_generate_messages_eus
[ 53%] Built target beginner_tutorials_gencpp
[ 64%] Built target beginner_tutorials_generate_messages_lisp
[ 74%] Built target unity
[ 74%] Built target publ
[ 79%] Built target produce
[ 84%] Built target square
[ 89%] Built target output
[ 89%] Built target beginner_tutorials_generate_messages
[ 94%] Built target add_two_ints_client
[100%] Built target add_two_ints_server
