Not searching for unused variables given on the command line.
[36m--[0m The C compiler identification is GNU 7.5.0
[36m--[0m The CXX compiler identification is GNU 7.5.0
[36m--[0m Check for working C compiler: /usr/bin/cc
[36m--[0m Check for working C compiler: /usr/bin/cc -- works
[36m--[0m Detecting C compiler ABI info
[36m--[0m Detecting C compiler ABI info - done
[36m--[0m Detecting C compile features
[36m--[0m Detecting C compile features - done
[36m--[0m Check for working CXX compiler: /usr/bin/c++
[36m--[0m Check for working CXX compiler: /usr/bin/c++ -- works
[36m--[0m Detecting CXX compiler ABI info
[36m--[0m Detecting CXX compiler ABI info - done
[36m--[0m Detecting CXX compile features
[36m--[0m Detecting CXX compile features - done
[36m--[0m Using CATKIN_DEVEL_PREFIX: /home/saswat/catkin_ws/devel/.private/beginner_tutorials
[36m--[0m Using CMAKE_PREFIX_PATH: /opt/ros/melodic;/home/saswat/catkin_ws/devel
[36m--[0m This workspace overlays: /opt/ros/melodic;/home/saswat/catkin_ws/devel
[36m--[0m Found PythonInterp: /usr/bin/python2 (found suitable version "2.7.17", minimum required is "2")
[36m--[0m Using PYTHON_EXECUTABLE: /usr/bin/python2
[36m--[0m Using Debian Python package layout
[36m--[0m Using empy: /usr/bin/empy
[36m--[0m Using CATKIN_ENABLE_TESTING: ON
[36m--[0m Call enable_testing()
[36m--[0m Using CATKIN_TEST_RESULTS_DIR: /home/saswat/catkin_ws/build/beginner_tutorials/test_results
[36m--[0m Found gtest sources under '/usr/src/googletest': gtests will be built
[36m--[0m Found gmock sources under '/usr/src/googletest': gmock will be built
[36m--[0m Found PythonInterp: /usr/bin/python2 (found version "2.7.17")
[36m--[0m Looking for pthread.h
[36m--[0m Looking for pthread.h - found
[36m--[0m Looking for pthread_create
[36m--[0m Looking for pthread_create - not found
[36m--[0m Looking for pthread_create in pthreads
[36m--[0m Looking for pthread_create in pthreads - not found
[36m--[0m Looking for pthread_create in pthread
[36m--[0m Looking for pthread_create in pthread - found
[36m--[0m Found Threads: TRUE
[36m--[0m Using Python nosetests: /usr/bin/nosetests-2.7
[36m--[0m catkin 0.7.28
[36m--[0m BUILD_SHARED_LIBS is on
[36m--[0m Using these message generators: gencpp;geneus;genlisp;gennodejs;genpy
[36m--[0m Found OpenCV: /usr (found version "3.2.0")
[36m--[0m Configuring done
[31m[1mCMake Error[0m at /home/saswat/catkin_ws/src/beginner_tutorials/CMakeLists.txt:233 (add_dependencies):
  The dependency target "beginner_tutorials_gencpp" of target
  "add_two_ints_client" does not exist.


[31m[1mCMake Error[0m at /home/saswat/catkin_ws/src/beginner_tutorials/CMakeLists.txt:229 (add_dependencies):
  The dependency target "beginner_tutorials_gencpp" of target
  "add_two_ints_server" does not exist.


[31m[1mCMake Error[0m at /home/saswat/catkin_ws/src/beginner_tutorials/CMakeLists.txt:225 (add_dependencies):
  The dependency target "beginner_tutorials_generate_messages_cpp" of target
  "unity" does not exist.


[31m[1mCMake Error[0m at /home/saswat/catkin_ws/src/beginner_tutorials/CMakeLists.txt:216 (add_dependencies):
  The dependency target "beginner_tutorials_generate_messages_cpp" of target
  "square" does not exist.


[31m[1mCMake Error[0m at /home/saswat/catkin_ws/src/beginner_tutorials/CMakeLists.txt:220 (add_dependencies):
  The dependency target "beginner_tutorials_generate_messages_cpp" of target
  "output" does not exist.


[31m[1mCMake Error[0m at /home/saswat/catkin_ws/src/beginner_tutorials/CMakeLists.txt:212 (add_dependencies):
  The dependency target "beginner_tutorials_generate_messages_cpp" of target
  "produce" does not exist.


[36m--[0m Generating done
[36m--[0m Build files have been written to: /home/saswat/catkin_ws/build/beginner_tutorials
