Determining if the pthread_create exist failed with the following output:
Change Dir: /home/saswat/catkin_ws/build/beginner_tutorials/CMakeFiles/CMakeTmp

Run Build Command:"/usr/bin/make" "cmTC_f756c/fast"
/usr/bin/make -f CMakeFiles/cmTC_f756c.dir/build.make CMakeFiles/cmTC_f756c.dir/build
make[1]: Entering directory '/home/saswat/catkin_ws/build/beginner_tutorials/CMakeFiles/CMakeTmp'
Building C object CMakeFiles/cmTC_f756c.dir/CheckSymbolExists.c.o
/usr/bin/cc    -o CMakeFiles/cmTC_f756c.dir/CheckSymbolExists.c.o   -c /home/saswat/catkin_ws/build/beginner_tutorials/CMakeFiles/CMakeTmp/CheckSymbolExists.c
Linking C executable cmTC_f756c
/usr/bin/cmake -E cmake_link_script CMakeFiles/cmTC_f756c.dir/link.txt --verbose=1
/usr/bin/cc      -rdynamic CMakeFiles/cmTC_f756c.dir/CheckSymbolExists.c.o  -o cmTC_f756c 
CMakeFiles/cmTC_f756c.dir/CheckSymbolExists.c.o: In function `main':
CheckSymbolExists.c:(.text+0x1b): undefined reference to `pthread_create'
collect2: error: ld returned 1 exit status
CMakeFiles/cmTC_f756c.dir/build.make:97: recipe for target 'cmTC_f756c' failed
make[1]: *** [cmTC_f756c] Error 1
make[1]: Leaving directory '/home/saswat/catkin_ws/build/beginner_tutorials/CMakeFiles/CMakeTmp'
Makefile:126: recipe for target 'cmTC_f756c/fast' failed
make: *** [cmTC_f756c/fast] Error 2

File /home/saswat/catkin_ws/build/beginner_tutorials/CMakeFiles/CMakeTmp/CheckSymbolExists.c:
/* */
#include <pthread.h>

int main(int argc, char** argv)
{
  (void)argv;
#ifndef pthread_create
  return ((int*)(&pthread_create))[argc];
#else
  (void)argc;
  return 0;
#endif
}

Determining if the function pthread_create exists in the pthreads failed with the following output:
Change Dir: /home/saswat/catkin_ws/build/beginner_tutorials/CMakeFiles/CMakeTmp

Run Build Command:"/usr/bin/make" "cmTC_f013f/fast"
/usr/bin/make -f CMakeFiles/cmTC_f013f.dir/build.make CMakeFiles/cmTC_f013f.dir/build
make[1]: Entering directory '/home/saswat/catkin_ws/build/beginner_tutorials/CMakeFiles/CMakeTmp'
Building C object CMakeFiles/cmTC_f013f.dir/CheckFunctionExists.c.o
/usr/bin/cc   -DCHECK_FUNCTION_EXISTS=pthread_create   -o CMakeFiles/cmTC_f013f.dir/CheckFunctionExists.c.o   -c /usr/share/cmake-3.10/Modules/CheckFunctionExists.c
Linking C executable cmTC_f013f
/usr/bin/cmake -E cmake_link_script CMakeFiles/cmTC_f013f.dir/link.txt --verbose=1
/usr/bin/cc  -DCHECK_FUNCTION_EXISTS=pthread_create    -rdynamic CMakeFiles/cmTC_f013f.dir/CheckFunctionExists.c.o  -o cmTC_f013f -lpthreads 
/usr/bin/ld: cannot find -lpthreads
collect2: error: ld returned 1 exit status
CMakeFiles/cmTC_f013f.dir/build.make:97: recipe for target 'cmTC_f013f' failed
make[1]: *** [cmTC_f013f] Error 1
make[1]: Leaving directory '/home/saswat/catkin_ws/build/beginner_tutorials/CMakeFiles/CMakeTmp'
Makefile:126: recipe for target 'cmTC_f013f/fast' failed
make: *** [cmTC_f013f/fast] Error 2


